#
# There is insufficient memory for the Java Runtime Environment to continue.
# Native memory allocation (mmap) failed to map 257949696 bytes for G1 virtual space
# Possible reasons:
#   The system is out of physical RAM or swap space
#   The process is running with CompressedOops enabled, and the Java Heap may be blocking the growth of the native heap
# Possible solutions:
#   Reduce memory load on the system
#   Increase physical memory or swap space
#   Check if swap backing store is full
#   Decrease Java heap size (-Xmx/-Xms)
#   Decrease number of Java threads
#   Decrease Java thread stack sizes (-Xss)
#   Set larger code cache with -XX:ReservedCodeCacheSize=
#   JVM is running with Zero Based Compressed Oops mode in which the Java heap is
#     placed in the first 32GB address space. The Java Heap base address is the
#     maximum limit for the native heap growth. Please use -XX:HeapBaseMinAddress
#     to set the Java Heap base and to place the Java Heap above 32GB virtual address.
# This output file may be truncated or incomplete.
#
#  Out of Memory Error (os_windows.cpp:3532), pid=45888, tid=40252
#
# JRE version:  (17.0.2+8) (build )
# Java VM: OpenJDK 64-Bit Server VM (17.0.2+8, mixed mode, sharing, tiered, compressed oops, compressed class ptrs, g1 gc, windows-amd64)
# No core dump will be written. Minidumps are not enabled by default on client versions of Windows
#

---------------  S U M M A R Y ------------

Command Line: C:\Users\SATISH~1\AppData\Local\Temp\surefire13675667859174937543\surefirebooter5855854452404916848.jar C:\Users\Satish Balu Sutar\AppData\Local\Temp\surefire13675667859174937543 2022-11-02T16-51-03_999-jvmRun1 surefire17564024677606508590tmp surefire_05646935607123846848tmp

Host: AMD Ryzen 7 4800H with Radeon Graphics         , 16 cores, 15G,  Windows 10 , 64 bit Build 19041 (10.0.19041.1889)
Time: Wed Nov  2 16:51:04 2022 India Standard Time elapsed time: 0.013132 seconds (0d 0h 0m 0s)

---------------  T H R E A D  ---------------

Current thread (0x000001d7f2e7e020):  JavaThread "Unknown thread" [_thread_in_vm, id=40252, stack(0x0000000621d00000,0x0000000621e00000)]

Stack: [0x0000000621d00000,0x0000000621e00000]
Native frames: (J=compiled Java code, j=interpreted, Vv=VM code, C=native code)
V  [jvm.dll+0x67564a]
V  [jvm.dll+0x82fc04]
V  [jvm.dll+0x8313ae]
V  [jvm.dll+0x831a13]
V  [jvm.dll+0x245235]
V  [jvm.dll+0x672539]
V  [jvm.dll+0x666e82]
V  [jvm.dll+0x30401b]
V  [jvm.dll+0x30b566]
V  [jvm.dll+0x35b1fe]
V  [jvm.dll+0x35b42f]
V  [jvm.dll+0x2daf58]
V  [jvm.dll+0x2dbec4]
V  [jvm.dll+0x801881]
V  [jvm.dll+0x368f81]
V  [jvm.dll+0x7e0cdc]
V  [jvm.dll+0x3eb8bf]
V  [jvm.dll+0x3ed441]
C  [jli.dll+0x5277]
C  [ucrtbase.dll+0x21bb2]
C  [KERNEL32.DLL+0x17034]
C  [ntdll.dll+0x526a1]


---------------  P R O C E S S  ---------------

Threads class SMR info:
_java_thread_list=0x00007fffb1d55e98, length=0, elements={
}

Java Threads: ( => current thread )

Other Threads:
  0x000001d7f2ecf590 GCTaskThread "GC Thread#0" [stack: 0x0000000621e00000,0x0000000621f00000] [id=3700]
  0x000001d7f2edfad0 ConcurrentGCThread "G1 Main Marker" [stack: 0x0000000621f00000,0x0000000622000000] [id=35280]
  0x000001d7f2ee27f0 ConcurrentGCThread "G1 Conc#0" [stack: 0x0000000622000000,0x0000000622100000] [id=28668]

[error occurred during error reporting (printing all threads), id 0xc0000005, EXCEPTION_ACCESS_VIOLATION (0xc0000005) at pc=0x00007fffb152b9d7]

VM state: not at safepoint (not fully initialized)

VM Mutex/Monitor currently owned by a thread:  ([mutex/lock_event])
[0x000001d7f2e7a300] Heap_lock - owner thread: 0x000001d7f2e7e020

Heap address: 0x000000070a000000, size: 3936 MB, Compressed Oops mode: Zero based, Oop shift amount: 3

CDS archive(s) mapped at: [0x0000000000000000-0x0000000000000000-0x0000000000000000), size 0, SharedBaseAddress: 0x0000000800000000, ArchiveRelocationMode: 0.
Narrow klass base: 0x0000000000000000, Narrow klass shift: 0, Narrow klass range: 0x0

GC Precious Log:
<Empty>

Heap:
 garbage-first heap   total 0K, used 0K [0x000000070a000000, 0x0000000800000000)
  region size 2048K, 0 young (0K), 0 survivors (0K)

[error occurred during error reporting (printing heap information), id 0xc0000005, EXCEPTION_ACCESS_VIOLATION (0xc0000005) at pc=0x00007fffb190e899]

GC Heap History (0 events):
No events

Deoptimization events (0 events):
No events

Classes unloaded (0 events):
No events

Classes redefined (0 events):
No events

Internal exceptions (0 events):
No events

VM Operations (0 events):
No events

Events (1 events):
Event: 0.007 Loaded shared library C:\softwares\spring-tool-suite-4-4.14.1.RELEASE-e4.23.0-win32.win32.x86_64.self-extracting\sts-4.14.1.RELEASE\plugins\org.eclipse.justj.openjdk.hotspot.jre.full.win32.x86_64_17.0.2.v20220201-1208\jre\bin\java.dll


Dynamic libraries:
0x00007ff6b2af0000 - 0x00007ff6b2afe000 	C:\softwares\spring-tool-suite-4-4.14.1.RELEASE-e4.23.0-win32.win32.x86_64.self-extracting\sts-4.14.1.RELEASE\plugins\org.eclipse.justj.openjdk.hotspot.jre.full.win32.x86_64_17.0.2.v20220201-1208\jre\bin\java.exe
0x00007ff8a59f0000 - 0x00007ff8a5be8000 	C:\Windows\SYSTEM32\ntdll.dll
0x00007ff8a3e10000 - 0x00007ff8a3ecd000 	C:\Windows\System32\KERNEL32.DLL
0x00007ff8a3460000 - 0x00007ff8a3732000 	C:\Windows\System32\KERNELBASE.dll
0x00007ff8a32c0000 - 0x00007ff8a33c0000 	C:\Windows\System32\ucrtbase.dll
0x00007ff881640000 - 0x00007ff881658000 	C:\softwares\spring-tool-suite-4-4.14.1.RELEASE-e4.23.0-win32.win32.x86_64.self-extracting\sts-4.14.1.RELEASE\plugins\org.eclipse.justj.openjdk.hotspot.jre.full.win32.x86_64_17.0.2.v20220201-1208\jre\bin\jli.dll
0x00007ff881370000 - 0x00007ff881389000 	C:\softwares\spring-tool-suite-4-4.14.1.RELEASE-e4.23.0-win32.win32.x86_64.self-extracting\sts-4.14.1.RELEASE\plugins\org.eclipse.justj.openjdk.hotspot.jre.full.win32.x86_64_17.0.2.v20220201-1208\jre\bin\VCRUNTIME140.dll
0x00007ff8a4320000 - 0x00007ff8a44bd000 	C:\Windows\System32\USER32.dll
0x00007ff8837f0000 - 0x00007ff883a8a000 	C:\Windows\WinSxS\amd64_microsoft.windows.common-controls_6595b64144ccf1df_6.0.19041.1110_none_60b5254171f9507e\COMCTL32.dll
0x00007ff8a3740000 - 0x00007ff8a3762000 	C:\Windows\System32\win32u.dll
0x00007ff8a3cd0000 - 0x00007ff8a3cfb000 	C:\Windows\System32\GDI32.dll
0x00007ff8a5910000 - 0x00007ff8a59ae000 	C:\Windows\System32\msvcrt.dll
0x00007ff8a3100000 - 0x00007ff8a320f000 	C:\Windows\System32\gdi32full.dll
0x00007ff8a3850000 - 0x00007ff8a38ed000 	C:\Windows\System32\msvcp_win.dll
0x00007ff8a4a90000 - 0x00007ff8a4ac0000 	C:\Windows\System32\IMM32.DLL
0x00007ff896520000 - 0x00007ff89652c000 	C:\softwares\spring-tool-suite-4-4.14.1.RELEASE-e4.23.0-win32.win32.x86_64.self-extracting\sts-4.14.1.RELEASE\plugins\org.eclipse.justj.openjdk.hotspot.jre.full.win32.x86_64_17.0.2.v20220201-1208\jre\bin\vcruntime140_1.dll
0x00007ff81f390000 - 0x00007ff81f421000 	C:\softwares\spring-tool-suite-4-4.14.1.RELEASE-e4.23.0-win32.win32.x86_64.self-extracting\sts-4.14.1.RELEASE\plugins\org.eclipse.justj.openjdk.hotspot.jre.full.win32.x86_64_17.0.2.v20220201-1208\jre\bin\msvcp140.dll
0x00007fffb1240000 - 0x00007fffb1e87000 	C:\softwares\spring-tool-suite-4-4.14.1.RELEASE-e4.23.0-win32.win32.x86_64.self-extracting\sts-4.14.1.RELEASE\plugins\org.eclipse.justj.openjdk.hotspot.jre.full.win32.x86_64_17.0.2.v20220201-1208\jre\bin\server\jvm.dll
0x00007ff8a3c10000 - 0x00007ff8a3cbe000 	C:\Windows\System32\ADVAPI32.dll
0x00007ff8a53a0000 - 0x00007ff8a543c000 	C:\Windows\System32\sechost.dll
0x00007ff8a48f0000 - 0x00007ff8a4a15000 	C:\Windows\System32\RPCRT4.dll
0x00007ff8a4a20000 - 0x00007ff8a4a28000 	C:\Windows\System32\PSAPI.DLL
0x00007ff8999a0000 - 0x00007ff8999c7000 	C:\Windows\SYSTEM32\WINMM.dll
0x00007ff888cb0000 - 0x00007ff888cb9000 	C:\Windows\SYSTEM32\WSOCK32.dll
0x00007ff89a590000 - 0x00007ff89a59a000 	C:\Windows\SYSTEM32\VERSION.dll
0x00007ff8a4be0000 - 0x00007ff8a4c4b000 	C:\Windows\System32\WS2_32.dll
0x00007ff8a0f60000 - 0x00007ff8a0f72000 	C:\Windows\SYSTEM32\kernel.appcore.dll
0x00007ff896510000 - 0x00007ff89651a000 	C:\softwares\spring-tool-suite-4-4.14.1.RELEASE-e4.23.0-win32.win32.x86_64.self-extracting\sts-4.14.1.RELEASE\plugins\org.eclipse.justj.openjdk.hotspot.jre.full.win32.x86_64_17.0.2.v20220201-1208\jre\bin\jimage.dll
0x00007ff8a0690000 - 0x00007ff8a0874000 	C:\Windows\SYSTEM32\DBGHELP.DLL
0x00007ff893990000 - 0x00007ff8939bc000 	C:\Windows\SYSTEM32\dbgcore.DLL
0x00007ff8a37c0000 - 0x00007ff8a3842000 	C:\Windows\System32\bcryptPrimitives.dll
0x00007ff884020000 - 0x00007ff884045000 	C:\softwares\spring-tool-suite-4-4.14.1.RELEASE-e4.23.0-win32.win32.x86_64.self-extracting\sts-4.14.1.RELEASE\plugins\org.eclipse.justj.openjdk.hotspot.jre.full.win32.x86_64_17.0.2.v20220201-1208\jre\bin\java.dll

dbghelp: loaded successfully - version: 4.0.5 - missing functions: none
symbol engine: initialized successfully - sym options: 0x614 - pdb path: .;C:\softwares\spring-tool-suite-4-4.14.1.RELEASE-e4.23.0-win32.win32.x86_64.self-extracting\sts-4.14.1.RELEASE\plugins\org.eclipse.justj.openjdk.hotspot.jre.full.win32.x86_64_17.0.2.v20220201-1208\jre\bin;C:\Windows\SYSTEM32;C:\Windows\WinSxS\amd64_microsoft.windows.common-controls_6595b64144ccf1df_6.0.19041.1110_none_60b5254171f9507e;C:\softwares\spring-tool-suite-4-4.14.1.RELEASE-e4.23.0-win32.win32.x86_64.self-extracting\sts-4.14.1.RELEASE\plugins\org.eclipse.justj.openjdk.hotspot.jre.full.win32.x86_64_17.0.2.v20220201-1208\jre\bin\server

VM Arguments:
java_command: C:\Users\SATISH~1\AppData\Local\Temp\surefire13675667859174937543\surefirebooter5855854452404916848.jar C:\Users\Satish Balu Sutar\AppData\Local\Temp\surefire13675667859174937543 2022-11-02T16-51-03_999-jvmRun1 surefire17564024677606508590tmp surefire_05646935607123846848tmp
java_class_path (initial): C:\Users\SATISH~1\AppData\Local\Temp\surefire13675667859174937543\surefirebooter5855854452404916848.jar
Launcher Type: SUN_STANDARD

[Global flags]
     intx CICompilerCount                          = 12                                        {product} {ergonomic}
     uint ConcGCThreads                            = 3                                         {product} {ergonomic}
     uint G1ConcRefinementThreads                  = 13                                        {product} {ergonomic}
   size_t G1HeapRegionSize                         = 2097152                                   {product} {ergonomic}
    uintx GCDrainStackTargetSize                   = 64                                        {product} {ergonomic}
   size_t InitialHeapSize                          = 257949696                                 {product} {ergonomic}
   size_t MarkStackSize                            = 4194304                                   {product} {ergonomic}
   size_t MaxHeapSize                              = 4127195136                                {product} {ergonomic}
   size_t MinHeapDeltaBytes                        = 2097152                                   {product} {ergonomic}
   size_t MinHeapSize                              = 8388608                                   {product} {ergonomic}
    uintx NonNMethodCodeHeapSize                   = 7602480                                {pd product} {ergonomic}
    uintx NonProfiledCodeHeapSize                  = 122027880                              {pd product} {ergonomic}
    uintx ProfiledCodeHeapSize                     = 122027880                              {pd product} {ergonomic}
    uintx ReservedCodeCacheSize                    = 251658240                              {pd product} {ergonomic}
     bool SegmentedCodeCache                       = true                                      {product} {ergonomic}
   size_t SoftMaxHeapSize                          = 4127195136                             {manageable} {ergonomic}
     bool UseCompressedClassPointers               = true                           {product lp64_product} {ergonomic}
     bool UseCompressedOops                        = true                           {product lp64_product} {ergonomic}
     bool UseG1GC                                  = true                                      {product} {ergonomic}
     bool UseLargePagesIndividualAllocation        = false                                  {pd product} {ergonomic}

Logging:
Log output configuration:
 #0: stdout all=warning uptime,level,tags
 #1: stderr all=off uptime,level,tags

Environment Variables:
JAVA_HOME=C:\Program Files\Java\jdk1.8.0_202
PATH=C:/softwares/spring-tool-suite-4-4.14.1.RELEASE-e4.23.0-win32.win32.x86_64.self-extracting/sts-4.14.1.RELEASE//plugins/org.eclipse.justj.openjdk.hotspot.jre.full.win32.x86_64_17.0.2.v20220201-1208/jre/bin/server;C:/softwares/spring-tool-suite-4-4.14.1.RELEASE-e4.23.0-win32.win32.x86_64.self-extracting/sts-4.14.1.RELEASE//plugins/org.eclipse.justj.openjdk.hotspot.jre.full.win32.x86_64_17.0.2.v20220201-1208/jre/bin;C:\Program Files\Common Files\Oracle\Java\javapath;C:\Python39\Scripts\;C:\Python39\;C:\app\product\18.0.0\dbhomeXE\bin;C:\ProgramData\Oracle\Java\javapath;C:\Windows\system32;C:\Windows;C:\Windows\System32\Wbem;C:\Windows\System32\WindowsPowerShell\v1.0\;C:\Windows\System32\OpenSSH\;C:\Program Files\Git\cmd;C:\Program Files\nodejs\;C:\ProgramData\chocolatey\bin;C:\Program Files\dotnet\;C:\Program Files\PuTTY\;C:\Program Files\Docker\Docker\resources\bin;C:\softwares\apache-maven-3.8.2-bin\apache-maven-3.8.2\bin;C:\Program Files\Java\jdk1.8.0_202\bin;C:\Program Files\MySQL\MySQL Shell 8.0\bin\;C:\Users\Satish Balu Sutar\AppData\Local\Microsoft\WindowsApps;C:\Program Files\JetBrains\IntelliJ IDEA 2019.3.4\bin;C:\Users\Satish Balu Sutar\AppData\Local\Programs\Microsoft VS Code\bin;C:\Users\Satish Balu Sutar\AppData\Roaming\npm;C:\Users\Satish Balu Sutar\AppData\Local\atom\bin;C:\softwares\apache-maven-3.8.2-bin\apache-maven-3.8.2\bin;C:\Users\Satish Balu Sutar\AppData\Local\GitHubDesktop\bin;C:\softwares\apache-maven-3.8.2-bin\apache-maven-3.8.2\bin;C:\Program Files\Java\jdk1.8.0_202\bin;;C:\softwares\spring-tool-suite-4-4.14.1.RELEASE-e4.23.0-win32.win32.x86_64.self-extracting\sts-4.14.1.RELEASE;
USERNAME=Satish Balu Sutar
OS=Windows_NT
PROCESSOR_IDENTIFIER=AMD64 Family 23 Model 96 Stepping 1, AuthenticAMD



---------------  S Y S T E M  ---------------

OS:
 Windows 10 , 64 bit Build 19041 (10.0.19041.1889)
OS uptime: 2 days 2:25 hours
Hyper-V role detected

CPU: total 16 (initial active 16) (16 cores per cpu, 2 threads per core) family 23 model 96 stepping 1 microcode 0x0, cx8, cmov, fxsr, ht, mmx, 3dnowpref, sse, sse2, sse3, ssse3, sse4a, sse4.1, sse4.2, popcnt, lzcnt, tsc, tscinvbit, avx, avx2, aes, clmul, bmi1, bmi2, adx, sha, fma, vzeroupper, clflush, clflushopt, hv

Memory: 4k page, system-wide physical 15737M (621M free)
TotalPageFile size 40313M (AvailPageFile size 180M)
current process WorkingSet (physical memory assigned to process): 10M, peak: 10M
current process commit charge ("private bytes"): 70M, peak: 316M

vm_info: OpenJDK 64-Bit Server VM (17.0.2+8) for windows-amd64 JRE (17.0.2+8), built on Jan 20 2022 04:52:34 by "" with MS VC++ 16.7 (VS2019)

END.
